<<<<<<< HEAD
[2021-08-11 16:54:42,354]/[normal]/[us_reit.py:102]/[INFO]/[.fmlops\rawdata_repository\reit_watch\2106.pdf downloading]
[2021-08-11 16:54:47,685]/[normal]/[us_reit.py:58]/[INFO]/[Tickers: ['FRT', 'PCH', 'ACR', 'BRX', 'BXMT', 'LAMR', 'BRG', 'PLD', 'APLE', 'LSI', 'SACH', 'AKR', 'RWT', 'TWO', 'BFS', 'HIW', 'ILPT', 'WY', 'FCPT', 'DX', 'DHC', 'AVB', 'CPT', 'CXP', 'NYC', 'DRE', 'BRSP', 'CLPR', 'RPT', 'MNR', 'DBRG', 'DRH', 'HMG', 'EQC', 'ACRE', 'VTR', 'STWD', 'BRMK', 'PSA', 'WRE', 'SKT', 'GOOD', 'NHI', 'HR', 'COLD', 'HST', 'GMRE', 'MAA', 'MAC', 'GPMT', 'PDM', 'RLJ', 'XHR', 'TRTX', 'DEI', 'SITC', 'RC', 'SPG', 'DLR', 'BPYU', 'CPLG', 'BXP', 'INDT', 'AGNC', 'NNN', 'SQFT', 'ARI', 'KREF', 'SLG', 'AIV', 'FR', 'NYMT', 'NLY', 'SVC', 'SELF', 'GLPI', 'ORC', 'PEAK', 'CCI', 'LFT', 'MPW', 'CMO', 'WPG', 'FPI', 'CUZ', 'CTRE', 'CORR', 'NXRT', 'COR', 'REXR', 'QTS', 'APTS', 'NRZ', 'AJX', 'PSTL', 'SHO', 'AHT', 'CDOR', 'PMT', 'CLDT', 'BNL', 'IRT', 'AIRC', 'AAT', 'MITT', 'PEB', 'VER', 'SBRA', 'SOHO', 'IIPR', 'GNL', 'VICI', 'ESRT', 'FSP', 'KRC', 'CUBE', 'LADR', 'CSR', 'UDR', 'EXR', 'ALEX', 'LXP', 'WRI', 'PK', 'NREF', 'VNO', 'STAR', 'SRC', 'WHLR', 'SRG', 'SUI', 'BRT', 'IHT', 'GEO', 'NTST', 'OLP', 'CHCT', 'RHP', 'INVH', 'PLYM', 'EARN', 'OFC', 'PEI', 'OUT', 'ARR', 'PGRE', 'CLI', 'EFC', 'HTA', 'SAFE', 'EPRT', 'KRG', 'OHI', 'ACC', 'BDN', 'DOC', 'UHT', 'MFA', 'CIO', 'O', 'UBA', 'WELL', 'STOR', 'EQR', 'HASI', 'PSB', 'MDRR', 'RPAI', 'HT', 'TRNO', 'REG', 'AFIN', 'LTC', 'GTY', 'ALX', 'AHH', 'CHMI', 'EGP', 'ABR', 'OPI', 'RVI', 'UNIT', 'LAND', 'IRM', 'DEA', 'ESS', 'WSR', 'WMC', 'HPP', 'WPC', 'EPR', 'AFCG', 'ADC', 'ELS', 'CMCT', 'IVR', 'BHR', 'UE', 'UMH', 'INN', 'PINE', 'CDR', 'STAG', 'SBAC', 'AAIC', 'CIM', 'CTT', 'ARE', 'NSA', 'JBGS', 'ROIC', 'AMH', 'SNR', 'AMT', 'CONE', 'TRMT', 'PW', 'KIM', 'RYN', 'EQIX']]
[2021-08-11 16:55:44,002]/[normal]/[integrated_loader.py:61]/[INFO]/[[LOADER] FROM_DIR INPUT REQUIRED - Default Path:.fmlops\rawdata_repository]
[2021-08-11 16:55:44,003]/[normal]/[integrated_loader.py:64]/[INFO]/[[LOADER] TO_DIR INPUT REQUIRED - Default Path:.fmlops\rawdata_repository]
[2021-08-11 17:10:51,714]/[normal]/[us_reit.py:107]/[INFO]/[.fmlops\rawdata_repository\reit_watch\2106.csv loading]
[2021-08-11 17:10:51,722]/[normal]/[us_reit.py:58]/[INFO]/[Tickers: ['ORC', 'PSB', 'BHR', 'HASI', 'TRTX', 'TRNO', 'CONE', 'CUZ', 'BRMK', 'AVB', 'CDR', 'AFCG', 'SPG', 'EFC', 'CLPR', 'SACH', 'TWO', 'NYMT', 'BPYU', 'OPI', 'CLI', 'CHMI', 'SLG', 'BRX', 'REG', 'HPP', 'ARE', 'RPAI', 'MNR', 'CLDT', 'IHT', 'CPLG', 'GEO', 'ACR', 'WHLR', 'STAR', 'STWD', 'PINE', 'PMT', 'OFC', 'PEB', 'WY', 'PCH', 'EQC', 'PW', 'WPG', 'VER', 'SNR', 'DEI', 'NXRT', 'EXR', 'CMCT', 'VTR', 'GNL', 'ADC', 'SVC', 'REXR', 'CDOR', 'BRG', 'CTT', 'COR', 'UE', 'ILPT', 'KRC', 'ESRT', 'LAND', 'FR', 'HIW', 'ESS', 'WRE', 'WPC', 'CORR', 'NRZ', 'CMO', 'SUI', 'SAFE', 'INVH', 'FPI', 'AMT', 'EARN', 'KIM', 'VICI', 'AIRC', 'DRE', 'STAG', 'LXP', 'MAC', 'INN', 'OUT', 'PDM', 'BRT', 'JBGS', 'BXP', 'CSR', 'SBRA', 'WELL', 'NTST', 'TRMT', 'PSTL', 'NYC', 'CIO', 'GTY', 'BFS', 'AAIC', 'INDT', 'MAA', 'VNO', 'UHT', 'DEA', 'AMH', 'EQIX', 'NNN', 'ALEX', 'EQR', 'CCI', 'MPW', 'CHCT', 'RYN', 'UDR', 'STOR', 'SRC', 'ALX', 'SRG', 'APTS', 'OLP', 'O', 'SQFT', 'ARI', 'GPMT', 'LSI', 'UNIT', 'CIM', 'HTA', 'LFT', 'FSP', 'CPT', 'XHR', 'AIV', 'KRG', 'GOOD', 'SBAC', 'AHT', 'GLPI', 'LADR', 'AFIN', 'ROIC', 'UMH', 'DRH', 'DBRG', 'ARR', 'COLD', 'CTRE', 'IVR', 'WMC', 'BDN', 'BRSP', 'SOHO', 'SITC', 'MFA', 'CXP', 'EPR', 'RPT', 'UBA', 'NHI', 'AJX', 'NSA', 'FCPT', 'RHP', 'ELS', 'ABR', 'EPRT', 'WRI', 'MDRR', 'DLR', 'WSR', 'AKR', 'PSA', 'SHO', 'FRT', 'SKT', 'DX', 'RC', 'NREF', 'LTC', 'OHI', 'RWT', 'GMRE', 'CUBE', 'RVI', 'PEI', 'DHC', 'HST', 'BNL', 'IRT', 'PEAK', 'PLD', 'APLE', 'AHH', 'ACRE', 'NLY', 'LAMR', 'EGP', 'ACC', 'RLJ', 'SELF', 'PGRE', 'IRM', 'AAT', 'AGNC', 'BXMT', 'KREF', 'PLYM', 'MITT', 'HT', 'QTS', 'HR', 'PK', 'IIPR', 'DOC', 'HMG']]
[2021-08-11 17:11:15,755]/[normal]/[integrated_loader.py:253]/[INFO]/[[LOADER] EXECUTING DATAVENDOR :<ailever.investment.sectors.us_reit.us_reit object at 0x000001AE4DBC91C0>]
[2021-08-11 17:11:15,755]/[normal]/[integrated_loader.py:258]/[INFO]/[[LOADER] * from yahooquery]
[2021-08-11 17:11:15,755]/[normal]/[DataVendor.py:238]/[INFO]/[[DATAVENDOR] MULTIPLE MODULE INPUT -> {Ticker1:{MODULE1: VALUE1, MODULE2: VALUE2}, Ticker2:{MODULE1: VALUE3, MODULE2, VAULE4}}]
[2021-08-11 17:11:39,291]/[normal]/[us_reit.py:107]/[INFO]/[.fmlops\rawdata_repository\reit_watch\2106.csv loading]
[2021-08-11 17:11:39,301]/[normal]/[us_reit.py:58]/[INFO]/[Tickers: ['ORC', 'PSB', 'BHR', 'HASI', 'TRTX', 'TRNO', 'CONE', 'CUZ', 'BRMK', 'AVB', 'CDR', 'AFCG', 'SPG', 'EFC', 'CLPR', 'SACH', 'TWO', 'NYMT', 'BPYU', 'OPI', 'CLI', 'CHMI', 'SLG', 'BRX', 'REG', 'HPP', 'ARE', 'RPAI', 'MNR', 'CLDT', 'IHT', 'CPLG', 'GEO', 'ACR', 'WHLR', 'STAR', 'STWD', 'PINE', 'PMT', 'OFC', 'PEB', 'WY', 'PCH', 'EQC', 'PW', 'WPG', 'VER', 'SNR', 'DEI', 'NXRT', 'EXR', 'CMCT', 'VTR', 'GNL', 'ADC', 'SVC', 'REXR', 'CDOR', 'BRG', 'CTT', 'COR', 'UE', 'ILPT', 'KRC', 'ESRT', 'LAND', 'FR', 'HIW', 'ESS', 'WRE', 'WPC', 'CORR', 'NRZ', 'CMO', 'SUI', 'SAFE', 'INVH', 'FPI', 'AMT', 'EARN', 'KIM', 'VICI', 'AIRC', 'DRE', 'STAG', 'LXP', 'MAC', 'INN', 'OUT', 'PDM', 'BRT', 'JBGS', 'BXP', 'CSR', 'SBRA', 'WELL', 'NTST', 'TRMT', 'PSTL', 'NYC', 'CIO', 'GTY', 'BFS', 'AAIC', 'INDT', 'MAA', 'VNO', 'UHT', 'DEA', 'AMH', 'EQIX', 'NNN', 'ALEX', 'EQR', 'CCI', 'MPW', 'CHCT', 'RYN', 'UDR', 'STOR', 'SRC', 'ALX', 'SRG', 'APTS', 'OLP', 'O', 'SQFT', 'ARI', 'GPMT', 'LSI', 'UNIT', 'CIM', 'HTA', 'LFT', 'FSP', 'CPT', 'XHR', 'AIV', 'KRG', 'GOOD', 'SBAC', 'AHT', 'GLPI', 'LADR', 'AFIN', 'ROIC', 'UMH', 'DRH', 'DBRG', 'ARR', 'COLD', 'CTRE', 'IVR', 'WMC', 'BDN', 'BRSP', 'SOHO', 'SITC', 'MFA', 'CXP', 'EPR', 'RPT', 'UBA', 'NHI', 'AJX', 'NSA', 'FCPT', 'RHP', 'ELS', 'ABR', 'EPRT', 'WRI', 'MDRR', 'DLR', 'WSR', 'AKR', 'PSA', 'SHO', 'FRT', 'SKT', 'DX', 'RC', 'NREF', 'LTC', 'OHI', 'RWT', 'GMRE', 'CUBE', 'RVI', 'PEI', 'DHC', 'HST', 'BNL', 'IRT', 'PEAK', 'PLD', 'APLE', 'AHH', 'ACRE', 'NLY', 'LAMR', 'EGP', 'ACC', 'RLJ', 'SELF', 'PGRE', 'IRM', 'AAT', 'AGNC', 'BXMT', 'KREF', 'PLYM', 'MITT', 'HT', 'QTS', 'HR', 'PK', 'IIPR', 'DOC', 'HMG']]
[2021-08-11 17:11:42,884]/[normal]/[integrated_loader.py:253]/[INFO]/[[LOADER] EXECUTING DATAVENDOR :['ORC', 'PSB', 'BHR', 'HASI', 'TRTX', 'TRNO', 'CONE', 'CUZ', 'BRMK', 'AVB', 'CDR', 'AFCG', 'SPG', 'EFC', 'CLPR', 'SACH', 'TWO', 'NYMT', 'BPYU', 'OPI', 'CLI', 'CHMI', 'SLG', 'BRX', 'REG', 'HPP', 'ARE', 'RPAI', 'MNR', 'CLDT', 'IHT', 'CPLG', 'GEO', 'ACR', 'WHLR', 'STAR', 'STWD', 'PINE', 'PMT', 'OFC', 'PEB', 'WY', 'PCH', 'EQC', 'PW', 'WPG', 'VER', 'SNR', 'DEI', 'NXRT', 'EXR', 'CMCT', 'VTR', 'GNL', 'ADC', 'SVC', 'REXR', 'CDOR', 'BRG', 'CTT', 'COR', 'UE', 'ILPT', 'KRC', 'ESRT', 'LAND', 'FR', 'HIW', 'ESS', 'WRE', 'WPC', 'CORR', 'NRZ', 'CMO', 'SUI', 'SAFE', 'INVH', 'FPI', 'AMT', 'EARN', 'KIM', 'VICI', 'AIRC', 'DRE', 'STAG', 'LXP', 'MAC', 'INN', 'OUT', 'PDM', 'BRT', 'JBGS', 'BXP', 'CSR', 'SBRA', 'WELL', 'NTST', 'TRMT', 'PSTL', 'NYC', 'CIO', 'GTY', 'BFS', 'AAIC', 'INDT', 'MAA', 'VNO', 'UHT', 'DEA', 'AMH', 'EQIX', 'NNN', 'ALEX', 'EQR', 'CCI', 'MPW', 'CHCT', 'RYN', 'UDR', 'STOR', 'SRC', 'ALX', 'SRG', 'APTS', 'OLP', 'O', 'SQFT', 'ARI', 'GPMT', 'LSI', 'UNIT', 'CIM', 'HTA', 'LFT', 'FSP', 'CPT', 'XHR', 'AIV', 'KRG', 'GOOD', 'SBAC', 'AHT', 'GLPI', 'LADR', 'AFIN', 'ROIC', 'UMH', 'DRH', 'DBRG', 'ARR', 'COLD', 'CTRE', 'IVR', 'WMC', 'BDN', 'BRSP', 'SOHO', 'SITC', 'MFA', 'CXP', 'EPR', 'RPT', 'UBA', 'NHI', 'AJX', 'NSA', 'FCPT', 'RHP', 'ELS', 'ABR', 'EPRT', 'WRI', 'MDRR', 'DLR', 'WSR', 'AKR', 'PSA', 'SHO', 'FRT', 'SKT', 'DX', 'RC', 'NREF', 'LTC', 'OHI', 'RWT', 'GMRE', 'CUBE', 'RVI', 'PEI', 'DHC', 'HST', 'BNL', 'IRT', 'PEAK', 'PLD', 'APLE', 'AHH', 'ACRE', 'NLY', 'LAMR', 'EGP', 'ACC', 'RLJ', 'SELF', 'PGRE', 'IRM', 'AAT', 'AGNC', 'BXMT', 'KREF', 'PLYM', 'MITT', 'HT', 'QTS', 'HR', 'PK', 'IIPR', 'DOC', 'HMG']]
[2021-08-11 17:11:42,885]/[normal]/[integrated_loader.py:258]/[INFO]/[[LOADER] * from yahooquery]
[2021-08-11 17:11:42,885]/[normal]/[DataVendor.py:238]/[INFO]/[[DATAVENDOR] MULTIPLE MODULE INPUT -> {Ticker1:{MODULE1: VALUE1, MODULE2: VALUE2}, Ticker2:{MODULE1: VALUE3, MODULE2, VAULE4}}]
[2021-08-11 17:12:17,964]/[normal]/[DataVendor.py:260]/[INFO]/[[DATAVENDOR] FUNDAMENTALS ['DividendYield', 'FiveYrsDividendYield', 'DividendRate', 'Beta', 'EVtoEBITDA'] FOR dict_keys(['ORC', 'PSB', 'BHR', 'HASI', 'TRTX', 'TRNO', 'CONE', 'CUZ', 'BRMK', 'AVB', 'CDR', 'AFCG', 'SPG', 'EFC', 'CLPR', 'SACH', 'TWO', 'NYMT', 'BPYU', 'OPI', 'CLI', 'CHMI', 'SLG', 'BRX', 'REG', 'HPP', 'ARE', 'RPAI', 'MNR', 'CLDT', 'IHT', 'CPLG', 'GEO', 'ACR', 'WHLR', 'STAR', 'STWD', 'PINE', 'PMT', 'OFC', 'PEB', 'WY', 'PCH', 'EQC', 'PW', 'WPG', 'VER', 'SNR', 'DEI', 'NXRT', 'EXR', 'CMCT', 'VTR', 'GNL', 'ADC', 'SVC', 'REXR', 'CDOR', 'BRG', 'CTT', 'COR', 'UE', 'ILPT', 'KRC', 'ESRT', 'LAND', 'FR', 'HIW', 'ESS', 'WRE', 'WPC', 'CORR', 'NRZ', 'CMO', 'SUI', 'SAFE', 'INVH', 'FPI', 'AMT', 'EARN', 'KIM', 'VICI', 'AIRC', 'DRE', 'STAG', 'LXP', 'MAC', 'INN', 'OUT', 'PDM', 'BRT', 'JBGS', 'BXP', 'CSR', 'SBRA', 'WELL', 'NTST', 'TRMT', 'PSTL', 'NYC', 'CIO', 'GTY', 'BFS', 'AAIC', 'INDT', 'MAA', 'VNO', 'UHT', 'DEA', 'AMH', 'EQIX', 'NNN', 'ALEX', 'EQR', 'CCI', 'MPW', 'CHCT', 'RYN', 'UDR', 'STOR', 'SRC', 'ALX', 'SRG', 'APTS', 'OLP', 'O', 'SQFT', 'ARI', 'GPMT', 'LSI', 'UNIT', 'CIM', 'HTA', 'LFT', 'FSP', 'CPT', 'XHR', 'AIV', 'KRG', 'GOOD', 'SBAC', 'AHT', 'GLPI', 'LADR', 'AFIN', 'ROIC', 'UMH', 'DRH', 'DBRG', 'ARR', 'COLD', 'CTRE', 'IVR', 'WMC', 'BDN', 'BRSP', 'SOHO', 'SITC', 'MFA', 'CXP', 'EPR', 'RPT', 'UBA', 'NHI', 'AJX', 'NSA', 'FCPT', 'RHP', 'ELS', 'ABR', 'EPRT', 'WRI', 'MDRR', 'DLR', 'WSR', 'AKR', 'PSA', 'SHO', 'FRT', 'SKT', 'DX', 'RC', 'NREF', 'LTC', 'OHI', 'RWT', 'GMRE', 'CUBE', 'RVI', 'PEI', 'DHC', 'HST', 'BNL', 'IRT', 'PEAK', 'PLD', 'APLE', 'AHH', 'ACRE', 'NLY', 'LAMR', 'EGP', 'ACC', 'RLJ', 'SELF', 'PGRE', 'IRM', 'AAT', 'AGNC', 'BXMT', 'KREF', 'PLYM', 'MITT', 'HT', 'QTS', 'HR', 'PK', 'IIPR', 'DOC', 'HMG']) - Failures list: []]
[2021-08-11 17:13:24,070]/[normal]/[us_reit.py:107]/[INFO]/[.fmlops\rawdata_repository\reit_watch\2106.csv loading]
[2021-08-11 17:13:24,076]/[normal]/[us_reit.py:58]/[INFO]/[Tickers: ['ORC', 'PSB', 'BHR', 'HASI', 'TRTX', 'TRNO', 'CONE', 'CUZ', 'BRMK', 'AVB', 'CDR', 'AFCG', 'SPG', 'EFC', 'CLPR', 'SACH', 'TWO', 'NYMT', 'BPYU', 'OPI', 'CLI', 'CHMI', 'SLG', 'BRX', 'REG', 'HPP', 'ARE', 'RPAI', 'MNR', 'CLDT', 'IHT', 'CPLG', 'GEO', 'ACR', 'WHLR', 'STAR', 'STWD', 'PINE', 'PMT', 'OFC', 'PEB', 'WY', 'PCH', 'EQC', 'PW', 'WPG', 'VER', 'SNR', 'DEI', 'NXRT', 'EXR', 'CMCT', 'VTR', 'GNL', 'ADC', 'SVC', 'REXR', 'CDOR', 'BRG', 'CTT', 'COR', 'UE', 'ILPT', 'KRC', 'ESRT', 'LAND', 'FR', 'HIW', 'ESS', 'WRE', 'WPC', 'CORR', 'NRZ', 'CMO', 'SUI', 'SAFE', 'INVH', 'FPI', 'AMT', 'EARN', 'KIM', 'VICI', 'AIRC', 'DRE', 'STAG', 'LXP', 'MAC', 'INN', 'OUT', 'PDM', 'BRT', 'JBGS', 'BXP', 'CSR', 'SBRA', 'WELL', 'NTST', 'TRMT', 'PSTL', 'NYC', 'CIO', 'GTY', 'BFS', 'AAIC', 'INDT', 'MAA', 'VNO', 'UHT', 'DEA', 'AMH', 'EQIX', 'NNN', 'ALEX', 'EQR', 'CCI', 'MPW', 'CHCT', 'RYN', 'UDR', 'STOR', 'SRC', 'ALX', 'SRG', 'APTS', 'OLP', 'O', 'SQFT', 'ARI', 'GPMT', 'LSI', 'UNIT', 'CIM', 'HTA', 'LFT', 'FSP', 'CPT', 'XHR', 'AIV', 'KRG', 'GOOD', 'SBAC', 'AHT', 'GLPI', 'LADR', 'AFIN', 'ROIC', 'UMH', 'DRH', 'DBRG', 'ARR', 'COLD', 'CTRE', 'IVR', 'WMC', 'BDN', 'BRSP', 'SOHO', 'SITC', 'MFA', 'CXP', 'EPR', 'RPT', 'UBA', 'NHI', 'AJX', 'NSA', 'FCPT', 'RHP', 'ELS', 'ABR', 'EPRT', 'WRI', 'MDRR', 'DLR', 'WSR', 'AKR', 'PSA', 'SHO', 'FRT', 'SKT', 'DX', 'RC', 'NREF', 'LTC', 'OHI', 'RWT', 'GMRE', 'CUBE', 'RVI', 'PEI', 'DHC', 'HST', 'BNL', 'IRT', 'PEAK', 'PLD', 'APLE', 'AHH', 'ACRE', 'NLY', 'LAMR', 'EGP', 'ACC', 'RLJ', 'SELF', 'PGRE', 'IRM', 'AAT', 'AGNC', 'BXMT', 'KREF', 'PLYM', 'MITT', 'HT', 'QTS', 'HR', 'PK', 'IIPR', 'DOC', 'HMG']]
=======
[2021-08-11 23:23:50,525]/[normal]/[preprocessor.py:92]/[INFO]/[[PREPROCESSOR] DEFAULT FROM_DIR - .fmlops/rawdata_repository]
[2021-08-11 23:23:50,525]/[normal]/[preprocessor.py:95]/[INFO]/[[PREPROCESSOR] DEFAULT TO_DIR - .fmlops/feature_store]
[2021-08-11 23:23:50,526]/[normal]/[preprocessor.py:98]/[INFO]/[[PREPROCESSOR] DEFAULT TARGET_COLUMN - close]
[2021-08-11 23:23:50,526]/[normal]/[preprocessor.py:103]/[INFO]/[[PREPROCESSOR] DEFAULT WINDOW FOR PCT_CHANGE - [1, 5, 20]]
[2021-08-11 23:23:50,527]/[normal]/[preprocessor.py:106]/[INFO]/[[PREPROCESSOR] DEFAULT MERGE OPTION TRUE]
[2021-08-11 23:23:50,527]/[normal]/[preprocessor.py:113]/[INFO]/[[PREPROCSSEOR] ACCESS TO LOADER FOR ['ARE', 'SPG', 'MPW', 'O', 'BXP'] UPDATE]
[2021-08-11 23:23:50,547]/[normal]/[integrated_loader.py:89]/[INFO]/[[LOADER] UPDATE_LOG_DIR INPUT REQUIRED - Default Path:.fmlops/metadata_store]
[2021-08-11 23:23:50,548]/[normal]/[integrated_loader.py:96]/[INFO]/[[LOADER] UPDATE_LOG_FILE INPUT REQUIRED - Default Path:ohlcv.json]
[2021-08-11 23:23:50,549]/[normal]/[integrated_loader.py:99]/[INFO]/[[LOADER] UPDATE_LOG_FILE DOES NOT EXIST - Make ohlcv.json in .fmlops/metadata_store]
[2021-08-11 23:23:50,560]/[normal]/[integrated_loader.py:119]/[INFO]/[[LOADER] UPDATE_LOG_FILE IS EMPTY - Rewrite with exisiting directories]
[2021-08-11 23:23:50,569]/[normal]/[integrated_loader.py:181]/[INFO]/[[LOADER] ONE OF TICKERS IN THE BASKETS ARE NEW OR LOG IS EMPTY - Update All:['ARE', 'SPG', 'MPW', 'O', 'BXP'].]
[2021-08-11 23:23:50,569]/[normal]/[integrated_loader.py:219]/[INFO]/[[LOADER] EXECUTING DATAVENDOR:['ARE', 'SPG', 'MPW', 'O', 'BXP']]
[2021-08-11 23:23:50,569]/[normal]/[integrated_loader.py:224]/[INFO]/[[LOADER] TBD * from yahooquery currently only supporting '1d' frequency. Please make sure dataset directories are seperate by frequency]
[2021-08-11 23:23:50,569]/[normal]/[integrated_loader.py:227]/[INFO]/[[LOADER] * from yahooquery]
[2021-08-11 23:23:53,041]/[normal]/[DataVendor.py:161]/[INFO]/[[DATAVENDOR] OHLVC FOR dict_keys(['SPG', 'BXP', 'MPW', 'O', 'ARE']) - Failures list: []]
[2021-08-11 23:23:53,048]/[normal]/[DataVendor.py:288]/[INFO]/[[DATAVENDOR] OHLCV JSON LOG SUCCESS - ['SPG', 'BXP', 'MPW', 'O', 'ARE'] Logged in ohlcv.json]
[2021-08-11 23:23:53,439]/[normal]/[preprocessor.py:144]/[INFO]/[[PREPROCESSOR] ['close+change1', 'close+change5', 'close+change20'] MERGED]
[2021-08-11 23:25:50,689]/[normal]/[integrated_loader.py:61]/[INFO]/[[LOADER] FROM_DIR INPUT REQUIRED - Default Path:.fmlops/rawdata_repository]
[2021-08-11 23:25:50,689]/[normal]/[integrated_loader.py:64]/[INFO]/[[LOADER] TO_DIR INPUT REQUIRED - Default Path:.fmlops/rawdata_repository]
[2021-08-11 23:25:50,689]/[normal]/[integrated_loader.py:89]/[INFO]/[[LOADER] UPDATE_LOG_DIR INPUT REQUIRED - Default Path:.fmlops/metadata_store]
[2021-08-11 23:25:50,690]/[normal]/[integrated_loader.py:96]/[INFO]/[[LOADER] UPDATE_LOG_FILE INPUT REQUIRED - Default Path:ohlcv.json]
[2021-08-11 23:25:50,696]/[normal]/[integrated_loader.py:181]/[INFO]/[[LOADER] ONE OF TICKERS IN THE BASKETS ARE NEW OR LOG IS EMPTY - Update All:['ARE', 'O', 'BXP', 'MPW', 'VTR', 'ADC'].]
[2021-08-11 23:25:50,696]/[normal]/[integrated_loader.py:219]/[INFO]/[[LOADER] EXECUTING DATAVENDOR:['ARE', 'O', 'BXP', 'MPW', 'VTR', 'ADC']]
[2021-08-11 23:25:50,696]/[normal]/[integrated_loader.py:224]/[INFO]/[[LOADER] TBD * from yahooquery currently only supporting '1d' frequency. Please make sure dataset directories are seperate by frequency]
[2021-08-11 23:25:50,697]/[normal]/[integrated_loader.py:227]/[INFO]/[[LOADER] * from yahooquery]
[2021-08-11 23:25:53,636]/[normal]/[DataVendor.py:161]/[INFO]/[[DATAVENDOR] OHLVC FOR dict_keys(['VTR', 'BXP', 'ADC', 'MPW', 'O', 'ARE']) - Failures list: []]
[2021-08-11 23:25:53,642]/[normal]/[DataVendor.py:288]/[INFO]/[[DATAVENDOR] OHLCV JSON LOG SUCCESS - ['VTR', 'BXP', 'ADC', 'MPW', 'O', 'ARE'] Logged in ohlcv.json]
>>>>>>> 1d01af6a7f1e0a68130e6fa5fc9c9d1e1f2ab0ad
[2021-08-12 18:04:00,324]/[normal]/[us_reit.py:101]/[INFO]/[.fmlops/feature_store/reit_watch/2106.pdf downloading]
[2021-08-12 18:04:07,293]/[normal]/[us_reit.py:62]/[INFO]/[Subsector: office, Tickers: ['ARE', 'BXP', 'BDN', 'CMCT', 'CIO', 'CXP', 'OFC', 'CUZ', 'DEI', 'DEA', 'ESRT', 'EQC', 'FSP', 'HIW', 'HPP', 'KRC', 'NYC', 'OPI', 'PGRE', 'PDM', 'SLG']]
[2021-08-12 18:06:53,586]/[normal]/[screening_markets.py:26]/[INFO]/[[SCREENER] PERIOD INPUT REQUIRED - Default Period:10]
[2021-08-12 18:06:53,586]/[normal]/[screening_markets.py:30]/[INFO]/[[SCREENR] PATH INPUT REQUIRED - Default Path:.fmlops/feature_store]
[2021-08-12 18:06:53,587]/[normal]/[screening_markets.py:39]/[INFO]/[[SCREENER] UPDATE FOR BASKETS: ['ARE', 'BXP', 'BDN', 'CMCT', 'CIO', 'CXP', 'OFC', 'CUZ', 'DEI', 'DEA', 'ESRT', 'EQC', 'FSP', 'HIW', 'HPP', 'KRC', 'NYC', 'OPI', 'PGRE', 'PDM', 'SLG'].]
[2021-08-12 18:06:53,608]/[normal]/[integrated_loader.py:93]/[INFO]/[[LOADER] UPDATE_LOG_DIR INPUT REQUIRED - Default Path:.fmlops/metadata_store]
[2021-08-12 18:06:53,609]/[normal]/[integrated_loader.py:101]/[INFO]/[[LOADER] UPDATE_LOG_FILE INPUT REQUIRED - Default Path:ohlcv_1d.json]
[2021-08-12 18:06:53,610]/[normal]/[integrated_loader.py:106]/[INFO]/[[LOADER] UPDATE_LOG_FILE DOES NOT EXIST - Make ohlcv_1d.json in .fmlops/metadata_store]
[2021-08-12 18:24:07,779]/[normal]/[screening_markets.py:26]/[INFO]/[[SCREENER] PERIOD INPUT REQUIRED - Default Period:10]
[2021-08-12 18:24:07,780]/[normal]/[screening_markets.py:30]/[INFO]/[[SCREENR] PATH INPUT REQUIRED - Default Path:.fmlops/feature_store]
[2021-08-12 18:24:07,781]/[normal]/[screening_markets.py:39]/[INFO]/[[SCREENER] UPDATE FOR BASKETS: ['ARE', 'BXP', 'BDN', 'CMCT', 'CIO', 'CXP', 'OFC', 'CUZ', 'DEI', 'DEA', 'ESRT', 'EQC', 'FSP', 'HIW', 'HPP', 'KRC', 'NYC', 'OPI', 'PGRE', 'PDM', 'SLG'].]
[2021-08-12 18:24:07,781]/[normal]/[integrated_loader.py:93]/[INFO]/[[LOADER] UPDATE_LOG_DIR INPUT REQUIRED - Default Path:.fmlops/metadata_store]
[2021-08-12 18:24:07,782]/[normal]/[integrated_loader.py:101]/[INFO]/[[LOADER] UPDATE_LOG_FILE INPUT REQUIRED - Default Path:ohlcv_1d.json]
