[2021-08-10 00:14:17,143]/[normal]/[us_reit.py:107]/[INFO]/[.fmlops/rawdata_repository/reit_watch/2106.csv loading]
[2021-08-10 00:14:17,165]/[normal]/[us_reit.py:63]/[INFO]/[Subsector: office, Tickers: ['ARE', 'BXP', 'BDN', 'CMCT', 'CIO', 'CXP', 'OFC', 'CUZ', 'DEI', 'DEA', 'ESRT', 'EQC', 'FSP', 'HIW', 'HPP', 'KRC', 'NYC', 'OPI', 'PGRE', 'PDM', 'SLG']]
[2021-08-10 00:14:26,407]/[normal]/[us_reit.py:107]/[INFO]/[.fmlops/rawdata_repository/reit_watch/2106.csv loading]
[2021-08-10 00:14:26,424]/[normal]/[us_reit.py:63]/[INFO]/[Subsector: industrial, Tickers: ['COLD', 'DRE', 'EGP', 'FR', 'ILPT', 'INDT', 'IIPR', 'LXP', 'MNR', 'PLYM', 'PLD', 'PSB', 'REXR', 'STAG', 'TRNO']]
[2021-08-10 00:14:30,133]/[normal]/[screening_markets.py:27]/[INFO]/[PERIOD INPUT REQUIRED - Default Period:10]
[2021-08-10 00:14:30,141]/[normal]/[screening_markets.py:31]/[INFO]/[PATH INPUT REQUIRED - Default Path:.fmlops/rawdata_repository]
[2021-08-10 00:14:30,142]/[normal]/[screening_markets.py:42]/[INFO]/[UPDATE FOR BASKETS: ['COLD', 'DRE', 'EGP', 'FR', 'ILPT', 'INDT', 'IIPR', 'LXP', 'MNR', 'PLYM', 'PLD', 'PSB', 'REXR', 'STAG', 'TRNO'].]
[2021-08-10 00:14:30,155]/[normal]/[integrated_loader.py:79]/[INFO]/[UPDATE_LOG_DIR INPUT REQUIRED - Default Path:.fmlops/metadata_store]
[2021-08-10 00:14:30,157]/[normal]/[integrated_loader.py:87]/[INFO]/[UPDATE_LOG_FILE INPUT REQUIRED - Default Path:ohlcv.json]
[2021-08-10 00:14:30,165]/[normal]/[integrated_loader.py:151]/[INFO]/[ONE OF TICKERS IN THE BASKETS ARE NEW OR LOG IS EMPTY - Update All:['COLD', 'DRE', 'EGP', 'FR', 'ILPT', 'INDT', 'IIPR', 'LXP', 'MNR', 'PLYM', 'PLD', 'PSB', 'REXR', 'STAG', 'TRNO'].]
[2021-08-10 00:14:30,165]/[normal]/[integrated_loader.py:169]/[INFO]/[EXECUTING DATAVENDOR:['COLD', 'DRE', 'EGP', 'FR', 'ILPT', 'INDT', 'IIPR', 'LXP', 'MNR', 'PLYM', 'PLD', 'PSB', 'REXR', 'STAG', 'TRNO']]
[2021-08-10 00:14:30,166]/[normal]/[integrated_loader.py:174]/[INFO]/[TBD * from yahooquery currently only supporting '1d' frequency. Please make sure dataset directories are seperate by frequency]
[2021-08-10 00:14:30,166]/[normal]/[integrated_loader.py:177]/[INFO]/[* from yahooquery]
[2021-08-10 00:14:35,416]/[normal]/[DataVendor.py:270]/[INFO]/[['PLD', 'TRNO', 'DRE', 'STAG', 'PSB', 'INDT', 'REXR', 'EGP', 'COLD', 'LXP', 'ILPT', 'FR', 'MNR', 'PLYM', 'IIPR'] updates are logged in ohlcv.json]
[2021-08-10 00:14:35,596]/[normal]/[screening_markets.py:46]/[INFO]/[RECOMMANDATIONS BASED ON LATEST 10 DAYS.]
[2021-08-10 00:14:36,209]/[normal]/[screening_markets.py:67]/[INFO]/[['IIPR', 'PLD', 'REXR', 'STAG', 'LXP', 'FR', 'MNR', 'ILPT', 'TRNO', 'INDT', 'PLYM', 'DRE', 'COLD', 'PSB', 'EGP']]
[2021-08-10 00:15:06,528]/[normal]/[us_reit.py:107]/[INFO]/[.fmlops/rawdata_repository/reit_watch/2106.csv loading]
[2021-08-10 00:15:06,535]/[normal]/[us_reit.py:63]/[INFO]/[Subsector: regional malls, Tickers: ['BPYU', 'MAC', 'PEI', 'SPG', 'WPG']]
[2021-08-10 00:15:46,714]/[normal]/[screening_markets.py:27]/[INFO]/[PERIOD INPUT REQUIRED - Default Period:10]
[2021-08-10 00:15:46,714]/[normal]/[screening_markets.py:31]/[INFO]/[PATH INPUT REQUIRED - Default Path:.fmlops/rawdata_repository]
[2021-08-10 00:15:46,715]/[normal]/[screening_markets.py:42]/[INFO]/[UPDATE FOR BASKETS: ['BPYU', 'MAC', 'PEI', 'SPG', 'WPG'].]
[2021-08-10 00:15:46,715]/[normal]/[integrated_loader.py:79]/[INFO]/[UPDATE_LOG_DIR INPUT REQUIRED - Default Path:.fmlops/metadata_store]
[2021-08-10 00:15:46,716]/[normal]/[integrated_loader.py:87]/[INFO]/[UPDATE_LOG_FILE INPUT REQUIRED - Default Path:ohlcv.json]
[2021-08-10 00:15:46,726]/[normal]/[integrated_loader.py:151]/[INFO]/[ONE OF TICKERS IN THE BASKETS ARE NEW OR LOG IS EMPTY - Update All:['BPYU', 'MAC', 'PEI', 'SPG', 'WPG'].]
[2021-08-10 00:15:46,726]/[normal]/[integrated_loader.py:169]/[INFO]/[EXECUTING DATAVENDOR:['BPYU', 'MAC', 'PEI', 'SPG', 'WPG']]
[2021-08-10 00:15:46,727]/[normal]/[integrated_loader.py:174]/[INFO]/[TBD * from yahooquery currently only supporting '1d' frequency. Please make sure dataset directories are seperate by frequency]
[2021-08-10 00:15:46,727]/[normal]/[integrated_loader.py:177]/[INFO]/[* from yahooquery]
[2021-08-10 00:15:49,409]/[normal]/[DataVendor.py:270]/[INFO]/[['WPG', 'PEI', 'MAC', 'BPYU', 'SPG'] updates are logged in ohlcv.json]
[2021-08-10 00:15:49,495]/[normal]/[screening_markets.py:46]/[INFO]/[RECOMMANDATIONS BASED ON LATEST 10 DAYS.]
[2021-08-10 00:15:49,661]/[normal]/[screening_markets.py:67]/[INFO]/[['BPYU']]
[2021-08-10 00:15:57,327]/[normal]/[screening_markets.py:27]/[INFO]/[PERIOD INPUT REQUIRED - Default Period:10]
[2021-08-10 00:15:57,328]/[normal]/[screening_markets.py:31]/[INFO]/[PATH INPUT REQUIRED - Default Path:.fmlops/rawdata_repository]
[2021-08-10 00:15:57,328]/[normal]/[screening_markets.py:42]/[INFO]/[UPDATE FOR BASKETS: ['BPYU', 'MAC', 'PEI', 'SPG', 'WPG'].]
[2021-08-10 00:15:57,328]/[normal]/[integrated_loader.py:79]/[INFO]/[UPDATE_LOG_DIR INPUT REQUIRED - Default Path:.fmlops/metadata_store]
[2021-08-10 00:15:57,329]/[normal]/[integrated_loader.py:87]/[INFO]/[UPDATE_LOG_FILE INPUT REQUIRED - Default Path:ohlcv.json]
[2021-08-10 00:15:57,335]/[normal]/[integrated_loader.py:151]/[INFO]/[ONE OF TICKERS IN THE BASKETS ARE NEW OR LOG IS EMPTY - Update All:['BPYU', 'MAC', 'PEI', 'SPG', 'WPG'].]
[2021-08-10 00:15:57,335]/[normal]/[integrated_loader.py:169]/[INFO]/[EXECUTING DATAVENDOR:['BPYU', 'MAC', 'PEI', 'SPG', 'WPG']]
[2021-08-10 00:15:57,335]/[normal]/[integrated_loader.py:174]/[INFO]/[TBD * from yahooquery currently only supporting '1d' frequency. Please make sure dataset directories are seperate by frequency]
[2021-08-10 00:15:57,335]/[normal]/[integrated_loader.py:177]/[INFO]/[* from yahooquery]
[2021-08-10 00:15:59,863]/[normal]/[DataVendor.py:270]/[INFO]/[['WPG', 'PEI', 'MAC', 'BPYU', 'SPG'] updates are logged in ohlcv.json]
[2021-08-10 00:15:59,952]/[normal]/[screening_markets.py:46]/[INFO]/[RECOMMANDATIONS BASED ON LATEST 10 DAYS.]
[2021-08-10 00:16:00,133]/[normal]/[screening_markets.py:67]/[INFO]/[['BPYU']]
